../../YUV:
total 10433924
-rw-r--r--. 1 Video Video  300119040 Jul 13  2009 BasketballDrill_832x480_50.yuv
-rw-r--r--. 1 Video Video   75029760 Aug 10  2010 BlowingBubbles_416x240_50.yuv
-rw-r--r--. 1 Video Video   90005760 Jul 13  2009 BQSquare_416x240_60.yuv
-rw-r--r--. 1 Video Video  228096000 Sep 28  2009 bus_352x288_30
-rw-r--r--. 1 Video Video  230400000 Dec 18  2009 candyHF2_640x480.yuv
-rw-r--r--. 1 Video Video  182476800 Nov  7  2003 CITY_704x576_30_orig_01.yuv
-rw-r--r--. 1 Video Video   11404800 Jul  2  2009 CREW_176x144_30.yuv
-rw-r--r--. 1 Video Video   45619200 Jul  2  2009 CREW_352x288_30.yuv
-rw-r--r--. 1 Video Video   45619200 Sep 28  2009 foreman_352x288_30
-rw-r--r--. 1 Video Video   91238400 Mar 24  2009 HARBOUR_704x576_15_orig_01.yuv
-rw-r--r--. 1 Video Video  438681600 Feb 21  2010 JBJ_640x480.yuv
-rw-r--r--. 1 Video Video 1152921600 Aug  3  2010 Jiessie_calendar_hat_1280x720_15.yuv
-rw-r--r--. 1 Video Video 1087946752 Aug  3  2010 Jiessie_hat_1280x720_15.yuv
-rw-r--r--. 1 Video Video 1559113728 Aug  4  2010 Jiessie_James_talking_1280x720_30.yuv
-rw-r--r--. 1 Video Video  485683200 Feb 19  2009 JKT_640x480.yuv
-rw-r--r--. 1 Video Video  391217152 Feb 19  2009 JS_640x480.yuv
-rw-r--r--. 1 Video Video  196485120 Apr  9  2010 Logi9000_largemotion_autobright_640x384_25fps_533.yuv
-rw-r--r--. 1 Video Video  442368000 Apr 12  2010 LogiOrbit_640x384_25fps_1200.yuv
-rw-r--r--. 1 Video Video   66355200 Dec 13  2008 parkrun2_640x480_15fps.yuv
-rw-r--r--. 1 Video Video  300119040 Jul 29  2011 PartyScene_832x480_50.yuv
-rw-r--r--. 1 Video Video  179712000 Jul 16  2009 RaceHorses_832x480_30.yuv
-rw-r--r--. 1 Video Video  284295168 Nov  9  2010 Switch_sample_a_1024x768.yuv
-rw-r--r--. 1 Video Video  829440000 Nov  9  2007 vidyo1_1280x720_60.yuv
-rw-r--r--. 1 Video Video  829440000 Nov 28  2007 vidyo3_1280X720_60.yuv
-rw-r--r--. 1 Video Video  829440000 Jun 15  2009 vidyo4_1280X720_60.yuv
-rw-r--r--. 1 Video Video  103680000 Nov 26  2008 whale_show2_640x480_15fps.yuv
-rw-r--r--. 1 Video Video  207360000 Dec  4  2008 whale_show2_640x480_30fps.yuv
